#
# There is insufficient memory for the Java Runtime Environment to continue.
# Native memory allocation (mmap) failed to map 536870912 bytes for Failed to commit area from 0x00000000e0000000 to 0x0000000100000000 of length 536870912.
# Possible reasons:
#   The system is out of physical RAM or swap space
#   The process is running with CompressedOops enabled, and the Java Heap may be blocking the growth of the native heap
# Possible solutions:
#   Reduce memory load on the system
#   Increase physical memory or swap space
#   Check if swap backing store is full
#   Decrease Java heap size (-Xmx/-Xms)
#   Decrease number of Java threads
#   Decrease Java thread stack sizes (-Xss)
#   Set larger code cache with -XX:ReservedCodeCacheSize=
# This output file may be truncated or incomplete.
#
#  Out of Memory Error (c:/BuildAgent/work/5ff2f6c26000d570/src/hotspot/os/windows/os_windows.cpp:3291), pid=58672, tid=26052
#
# JRE version:  (11.0.5+10) (build )
# Java VM: OpenJDK 64-Bit Server VM (11.0.5+10-b520.30, mixed mode, aot, sharing, tiered, compressed oops, g1 gc, windows-amd64)
# Core dump will be written. Default location: C:\Users\mahanand.kalita\IdeaProjects\eversanaPOC\hs_err_pid58672.mdmp
#

---------------  S U M M A R Y ------------

Command Line: -Dorg.gradle.native=false -Xmx512m -Dfile.encoding=windows-1252 -Duser.country=US -Duser.language=en -Duser.variant -ea worker.org.gradle.process.internal.worker.GradleWorkerMain 'Gradle Test Executor 26'

Host: Intel(R) Xeon(R) CPU E5-2680 v3 @ 2.50GHz, 8 cores, 47G,  Windows Server 2016 , 64 bit Build 14393 (10.0.14393.2969)
Time: Wed Feb  5 06:06:35 2020 Eastern Standard Time elapsed time: 0 seconds (0d 0h 0m 0s)

---------------  T H R E A D  ---------------

Current thread (0x000001e5d3143000):  JavaThread "Unknown thread" [_thread_in_vm, id=26052, stack(0x000000493aa00000,0x000000493ab00000)]

Stack: [0x000000493aa00000,0x000000493ab00000]
Native frames: (J=compiled Java code, j=interpreted, Vv=VM code, C=native code)
V  [jvm.dll+0x5dcafa]
V  [jvm.dll+0x70e375]
V  [jvm.dll+0x70f898]
V  [jvm.dll+0x70ff63]
V  [jvm.dll+0x23e238]
V  [jvm.dll+0x5da1c4]
V  [jvm.dll+0x5cf265]
V  [jvm.dll+0x2fac3b]
V  [jvm.dll+0x2fabaa]
V  [jvm.dll+0x2faa82]
V  [jvm.dll+0x2ff956]
V  [jvm.dll+0x3480d3]
V  [jvm.dll+0x3487d6]
V  [jvm.dll+0x3481d3]
V  [jvm.dll+0x2d5548]
V  [jvm.dll+0x2d66e7]
V  [jvm.dll+0x6ed237]
V  [jvm.dll+0x6eea2c]
V  [jvm.dll+0x355849]
V  [jvm.dll+0x6d239e]
V  [jvm.dll+0x3be283]
V  [jvm.dll+0x3c0701]
C  [jli.dll+0x5363]
C  [ucrtbase.dll+0x1f4a0]
C  [KERNEL32.DLL+0x84d4]
C  [ntdll.dll+0x6e8b1]


---------------  P R O C E S S  ---------------

Threads class SMR info:
_java_thread_list=0x000001e5d10127a0, length=0, elements={
}

Java Threads: ( => current thread )

Other Threads:
  0x000001e5d315c800 GCTaskThread "GC Thread#0" [stack: 0x000000493ab00000,0x000000493ac00000] [id=65912]
  0x000001e5d316e800 ConcurrentGCThread "G1 Main Marker" [stack: 0x000000493ac00000,0x000000493ad00000] [id=9800]
  0x000001e5d3170000 ConcurrentGCThread "G1 Conc#0" [stack: 0x000000493ad00000,0x000000493ae00000] [id=48596]

[error occurred during error reporting (printing all threads), id 0xc0000005, EXCEPTION_ACCESS_VIOLATION (0xc0000005) at pc=0x00007ff803c25c17]

VM state:not at safepoint (not fully initialized)

VM Mutex/Monitor currently owned by a thread:  ([mutex/lock_event])
[0x000001e5d3140460] Heap_lock - owner thread: 0x000001e5d3143000

Heap address: 0x00000000e0000000, size: 512 MB, Compressed Oops mode: Non-zero based: 0x00000000e0000000
Narrow klass base: 0x0000000000000000, Narrow klass shift: 0

GC Heap History (0 events):
No events

Deoptimization events (0 events):
No events

Classes redefined (0 events):
No events

Internal exceptions (0 events):
No events

Events (0 events):
No events


Dynamic libraries:
0x00007ff739ca0000 - 0x00007ff739caa000 	C:\Program Files\JetBrains\IntelliJ IDEA 2019.2\jbr\bin\java.exe
0x00007ff850930000 - 0x00007ff850b00000 	C:\Windows\SYSTEM32\ntdll.dll
0x00007ff84e6f0000 - 0x00007ff84e79c000 	C:\Windows\System32\KERNEL32.DLL
0x00007ff84d830000 - 0x00007ff84da4d000 	C:\Windows\System32\KERNELBASE.dll
0x00007ff84db20000 - 0x00007ff84dc14000 	C:\Windows\System32\ucrtbase.dll
0x00007ff835000000 - 0x00007ff835019000 	C:\Program Files\JetBrains\IntelliJ IDEA 2019.2\jbr\bin\jli.dll
0x00007ff8445c0000 - 0x00007ff8445d7000 	C:\Program Files\JetBrains\IntelliJ IDEA 2019.2\jbr\bin\VCRUNTIME140.dll
0x00007ff84e880000 - 0x00007ff84e9e5000 	C:\Windows\System32\USER32.dll
0x00007ff84dea0000 - 0x00007ff84debe000 	C:\Windows\System32\win32u.dll
0x00007ff840ed0000 - 0x00007ff84114a000 	C:\Windows\WinSxS\amd64_microsoft.windows.common-controls_6595b64144ccf1df_6.0.14393.3053_none_7de042968342015d\COMCTL32.dll
0x00007ff84ef90000 - 0x00007ff84f02e000 	C:\Windows\System32\msvcrt.dll
0x00007ff84eaf0000 - 0x00007ff84eb24000 	C:\Windows\System32\GDI32.dll
0x00007ff84ecc0000 - 0x00007ff84ef85000 	C:\Windows\System32\combase.dll
0x00007ff84dd10000 - 0x00007ff84de91000 	C:\Windows\System32\gdi32full.dll
0x00007ff84eb30000 - 0x00007ff84ec51000 	C:\Windows\System32\RPCRT4.dll
0x00007ff84dab0000 - 0x00007ff84db1a000 	C:\Windows\System32\bcryptPrimitives.dll
0x00007ff850900000 - 0x00007ff85092e000 	C:\Windows\System32\IMM32.DLL
0x00007ff81b770000 - 0x00007ff81b80d000 	C:\Program Files\JetBrains\IntelliJ IDEA 2019.2\jbr\bin\msvcp140.dll
0x00007ff803940000 - 0x00007ff8043fb000 	C:\Program Files\JetBrains\IntelliJ IDEA 2019.2\jbr\bin\server\jvm.dll
0x00007ff84f030000 - 0x00007ff84f0d2000 	C:\Windows\System32\ADVAPI32.dll
0x00007ff84f1c0000 - 0x00007ff84f219000 	C:\Windows\System32\sechost.dll
0x00007ff8508d0000 - 0x00007ff8508d8000 	C:\Windows\System32\PSAPI.DLL
0x00007ff842e80000 - 0x00007ff842e89000 	C:\Windows\SYSTEM32\WSOCK32.dll
0x00007ff84b310000 - 0x00007ff84b333000 	C:\Windows\SYSTEM32\WINMM.dll
0x00007ff844d40000 - 0x00007ff844d4a000 	C:\Windows\SYSTEM32\VERSION.dll
0x00007ff84f0f0000 - 0x00007ff84f15a000 	C:\Windows\System32\WS2_32.dll
0x000001e5d28f0000 - 0x000001e5d291b000 	C:\Windows\SYSTEM32\WINMMBASE.dll
0x00007ff84dc20000 - 0x00007ff84dc62000 	C:\Windows\System32\cfgmgr32.dll
0x00007ff84cdb0000 - 0x00007ff84cdbf000 	C:\Windows\System32\kernel.appcore.dll
0x00007ff8334b0000 - 0x00007ff8334c1000 	C:\Program Files\JetBrains\IntelliJ IDEA 2019.2\jbr\bin\verify.dll
0x00007ff8428b0000 - 0x00007ff842a42000 	C:\Windows\SYSTEM32\DBGHELP.DLL
0x00007ff842800000 - 0x00007ff842829000 	C:\Windows\SYSTEM32\dbgcore.DLL
0x00007ff8327e0000 - 0x00007ff832809000 	C:\Program Files\JetBrains\IntelliJ IDEA 2019.2\jbr\bin\java.dll
0x00007ff832c60000 - 0x00007ff832c77000 	C:\Program Files\JetBrains\IntelliJ IDEA 2019.2\jbr\bin\zip.dll
0x00007ff8346c0000 - 0x00007ff8346cb000 	C:\Program Files\JetBrains\IntelliJ IDEA 2019.2\jbr\bin\jimage.dll

dbghelp: loaded successfully - version: 4.0.5 - missing functions: none
symbol engine: initialized successfully - sym options: 0x614 - pdb path: .;C:\Program Files\JetBrains\IntelliJ IDEA 2019.2\jbr\bin;C:\Windows\SYSTEM32;C:\Windows\WinSxS\amd64_microsoft.windows.common-controls_6595b64144ccf1df_6.0.14393.3053_none_7de042968342015d;C:\Program Files\JetBrains\IntelliJ IDEA 2019.2\jbr\bin\server

VM Arguments:
jvm_args: -Dorg.gradle.native=false -Xmx512m -Dfile.encoding=windows-1252 -Duser.country=US -Duser.language=en -Duser.variant -ea 
java_command: worker.org.gradle.process.internal.worker.GradleWorkerMain 'Gradle Test Executor 26'
java_class_path (initial): C:\\Users\\mahanand.kalita\\.gradle\\caches\\5.2.1\\workerMain\\gradle-worker.jar;C:\\Users\\mahanand.kalita\\IdeaProjects\\eversanaPOC\\build\\classes\\java\\test;C:\\Users\\mahanand.kalita\\IdeaProjects\\eversanaPOC\\build\\resources\\test;C:\\Users\\mahanand.kalita\\IdeaProjects\\eversanaPOC\\build\\classes\\java\\main;C:\\Users\\mahanand.kalita\\IdeaProjects\\eversanaPOC\\build\\resources\\main;C:\\Users\\mahanand.kalita\\.gradle\\caches\\modules-2\\files-2.1\\org.seleniumhq.selenium\\selenium-java\\3.141.59\\e8e20b741299cb8ffedbd2925a3ab69d08b41063\\selenium-java-3.141.59.jar;C:\\Users\\mahanand.kalita\\.gradle\\caches\\modules-2\\files-2.1\\com.stanfy.helium\\helium\\0.2.0\\b7062244d3d5539d2da0f0bd114a53d5cbed5405\\helium-0.2.0.jar;C:\\Users\\mahanand.kalita\\.gradle\\caches\\modules-2\\files-2.1\\org.testng\\testng\\6.14.3\\d24515dc253e77e54b73df97e1fb2eb7faf34fdd\\testng-6.14.3.jar;C:\\Users\\mahanand.kalita\\.gradle\\caches\\modules-2\\files-2.1\\junit\\junit\\4.12\\2973d150c0dc1fefe998f834810d68f278ea58ec\\junit-4.12.jar;C:\\Users\\mahanand.kalita\\.gradle\\caches\\modules-2\\files-2.1\\org.seleniumhq.selenium\\selenium-chrome-driver\\3.141.59\\67137314736c6a2f39a8aa59a562e9616ae5f77e\\selenium-chrome-driver-3.141.59.jar;C:\\Users\\mahanand.kalita\\.gradle\\caches\\modules-2\\files-2.1\\org.seleniumhq.selenium\\selenium-edge-driver\\3.141.59\\fc09c66f2d0b33b0816d770761ad1d599ef0df29\\selenium-edge-driver-3.141.59.jar;C:\\Users\\mahanand.kalita\\.gradle\\caches\\modules-2\\files-2.1\\org.seleniumhq.selenium\\selenium-firefox-driver\\3.141.59\\a99f2fe2a42747ed9809d4f62f51a9e1b336dde8\\selenium-firefox-driver-3.141.59.jar;C:\\Users\\mahanand.kalita\\.gradle\\caches\\modules-2\\files-2.1\\org.seleniumhq.selenium\\selenium-ie-driver\\3.141.59\\677b9b414a3a9bb2aeea89042a7b326edeb13a82\\selenium-ie-driver-3.141.59.jar;C:\\Users\\mahanand.kalita\\.gradle\\caches\\modules-2\\files-2.1\\org.seleniumhq.selenium\\selenium-opera-driver\\3.1
Launcher Type: SUN_STANDARD

[Global flags]
     intx CICompilerCount                          = 4                                         {product} {ergonomic}
     uint ConcGCThreads                            = 2                                         {product} {ergonomic}
     uint G1ConcRefinementThreads                  = 8                                         {product} {ergonomic}
   size_t G1HeapRegionSize                         = 1048576                                   {product} {ergonomic}
    uintx GCDrainStackTargetSize                   = 64                                        {product} {ergonomic}
   size_t InitialHeapSize                          = 536870912                                 {product} {ergonomic}
   size_t MarkStackSize                            = 4194304                                   {product} {ergonomic}
   size_t MaxHeapSize                              = 536870912                                 {product} {command line}
   size_t MinHeapDeltaBytes                        = 1048576                                   {product} {ergonomic}
    uintx NonNMethodCodeHeapSize                   = 5836300                                {pd product} {ergonomic}
    uintx NonProfiledCodeHeapSize                  = 122910970                              {pd product} {ergonomic}
    uintx ProfiledCodeHeapSize                     = 122910970                              {pd product} {ergonomic}
    uintx ReservedCodeCacheSize                    = 251658240                              {pd product} {ergonomic}
     bool SegmentedCodeCache                       = true                                      {product} {ergonomic}
     bool UseCompressedClassPointers               = true                                 {lp64_product} {ergonomic}
     bool UseCompressedOops                        = true                                 {lp64_product} {ergonomic}
     bool UseG1GC                                  = true                                      {product} {ergonomic}
     bool UseLargePagesIndividualAllocation        = false                                  {pd product} {ergonomic}

Logging:
Log output configuration:
 #0: stdout all=warning uptime,level,tags
 #1: stderr all=off uptime,level,tags

Environment Variables:
PATH=C:\Program Files\RedHat\java-1.8.0-openjdk-1.8.0.222-4;C:\Windows\system32;C:\Windows;C:\Windows\System32\Wbem;C:\Windows\System32\WindowsPowerShell\v1.0\;C:\Program Files\PuTTY\;C:\Program Files (x86)\Microsoft SQL Server\150\DTS\Binn\;C:\Program Files (x86)\Tesseract-OCR;C:\Users\Vishal.Gaikwad\Downloads\poppler-0.68.0\bin;C:\Users\rahul.abrol\Downloads\java-se-8u40-ri\bin;C:\Users\rahul.abrol\Downloads\apache-maven-3.6.2/bin;C:\Program Files\Zulu\zulu-11\bin\;C:\Users\gaurav.mishra\Git\cmd;C:\Program Files\Docker;C:\Users\omkar.jedhe\Downloads\apache-maven-3.6.2\bin;C:\Program Files\Microsoft SQL Server\Client SDK\ODBC\130\Tools\Binn\;C:\Program Files (x86)\Microsoft SQL Server\140\Tools\Binn\;C:\Program Files\Microsoft SQL Server\140\Tools\Binn\;C:\Program Files\Microsoft SQL Server\140\DTS\Binn\;C:\Program Files\Microsoft SQL Server\Client SDK\ODBC\110\Tools\Binn\;C:\Program Files (x86)\Microsoft SQL Server\120\Tools\Binn\ManagementStudio\;C:\Program Files (x86)\Microsoft SQL Server\120\Tools\Binn\;C:\Program Files\Microsoft SQL Server\120\Tools\Binn\;C:\Program Files (x86)\Microsoft SQL Server\120\DTS\Binn\;C:\Program Files\Microsoft SQL Server\120\DTS\Binn\;C:\WebDrivers;C:\Users\mahanand.kalita\AppData\Local\Microsoft\WindowsApps;
USERNAME=mahanand.kalita
OS=Windows_NT
PROCESSOR_IDENTIFIER=Intel64 Family 6 Model 63 Stepping 0, GenuineIntel



---------------  S Y S T E M  ---------------

OS: Windows Server 2016 , 64 bit Build 14393 (10.0.14393.2969)
VMWare virtualization detected

CPU:total 8 (initial active 8) (4 cores per cpu, 1 threads per core) family 6 model 63 stepping 0, cmov, cx8, fxsr, mmx, sse, sse2, sse3, ssse3, sse4.1, sse4.2, popcnt, avx, avx2, aes, clmul, erms, lzcnt, tsc, tscinvbit, bmi1, bmi2, fma

Memory: 4k page, system-wide physical 49151M (6647M free)
TotalPageFile size 53247M (AvailPageFile size 430M)
current process WorkingSet (physical memory assigned to process): 9M, peak: 9M
current process commit charge ("private bytes"): 59M, peak: 571M

vm_info: OpenJDK 64-Bit Server VM (11.0.5+10-b520.30) for windows-amd64 JRE (11.0.5+10-b520.30), built on Dec 24 2019 12:06:09 by "" with MS VC++ 14.0 (VS2015)

END.
